app/build/intermediates/manifest_merge_blame_file/debug/manifest-merger-blame-debug-report.txt
1<?xml version="1.0" encoding="utf-8"?>
2<manifest xmlns:android="http://schemas.android.com/apk/res/android"
3    package="zj.com.cn.bluetooth.sdk"
4    android:versionCode="3"
5    android:versionName="1.2" >
6
7    <uses-sdk
7-->src/main/AndroidManifest.xml:14:5-45
8        android:minSdkVersion="8"
8-->src/main/AndroidManifest.xml:14:5-45
9        android:targetSdkVersion="8" />
9-->src/main/AndroidManifest.xml:14:15-43
10
11    <uses-permission android:name="android.permission.BLUETOOTH_ADMIN" />
11-->src/main/AndroidManifest.xml:6:5-74
11-->src/main/AndroidManifest.xml:6:22-71
12    <uses-permission android:name="android.permission.BLUETOOTH" />
12-->src/main/AndroidManifest.xml:7:5-68
12-->src/main/AndroidManifest.xml:7:22-65
13    <uses-permission android:name="android.permission.BLUETOOTH_CONNECT" />
13-->src/main/AndroidManifest.xml:8:5-76
13-->src/main/AndroidManifest.xml:8:22-73
14    <!-- <uses-permission android:name="android.permission.MOUNT_UNMOUNT_FILESYSTEMS" /> -->
15    <uses-permission android:name="android.permission.WRITE_EXTERNAL_STORAGE" />
15-->src/main/AndroidManifest.xml:10:2-78
15-->src/main/AndroidManifest.xml:10:19-75
16    <uses-permission android:name="android.permission.CAMERA" />
16-->src/main/AndroidManifest.xml:11:2-62
16-->src/main/AndroidManifest.xml:11:19-59
17    <uses-permission android:name="android.permission.RECORD_AUDIO" />
17-->src/main/AndroidManifest.xml:12:2-68
17-->src/main/AndroidManifest.xml:12:19-65
18    <uses-permission android:name="android.permission.WRITE_EXTERNAL_STORAGE" />
18-->src/main/AndroidManifest.xml:10:2-78
18-->src/main/AndroidManifest.xml:10:19-75
19
20    <application
20-->src/main/AndroidManifest.xml:16:5-30:19
21        android:debuggable="true"
22        android:icon="@drawable/ic_launcher"
22-->src/main/AndroidManifest.xml:17:18-54
23        android:label="@string/app_name"
23-->src/main/AndroidManifest.xml:16:18-50
24        android:testOnly="true" >
25        <activity
25-->src/main/AndroidManifest.xml:18:9-25:20
26            android:name="zj.com.cn.bluetooth.sdk.Main_Activity"
26-->src/main/AndroidManifest.xml:18:19-71
27            android:configChanges="orientation|keyboardHidden"
27-->src/main/AndroidManifest.xml:20:19-69
28            android:label="@string/app_name" >
28-->src/main/AndroidManifest.xml:19:19-51
29            <intent-filter>
29-->src/main/AndroidManifest.xml:21:13-24:29
30                <action android:name="android.intent.action.MAIN" />
30-->src/main/AndroidManifest.xml:22:17-69
30-->src/main/AndroidManifest.xml:22:25-66
31
32                <category android:name="android.intent.category.LAUNCHER" />
32-->src/main/AndroidManifest.xml:23:17-77
32-->src/main/AndroidManifest.xml:23:27-74
33            </intent-filter>
34        </activity>
35        <activity
35-->src/main/AndroidManifest.xml:26:9-29:72
36            android:name="zj.com.cn.bluetooth.sdk.DeviceListActivity"
36-->src/main/AndroidManifest.xml:26:19-76
37            android:configChanges="orientation|keyboardHidden"
37-->src/main/AndroidManifest.xml:29:19-69
38            android:label="@string/select_device"
38-->src/main/AndroidManifest.xml:27:19-56
39            android:theme="@android:style/Theme.Dialog" />
39-->src/main/AndroidManifest.xml:28:19-62
40    </application>
41
42</manifest>